<?xml version="1.0" encoding="UTF-8"?>
<project name="test-actions-2" default="all">
  
  
  <property file="test-actions-2.properties"/>
  <!-- Uncomment the following property if no tests compilation is needed -->
  <!-- 
  <property name="skip.tests" value="true"/>
   -->
  
  <!-- Compiler options -->
  
  <property name="compiler.debug" value="on"/>
  <property name="compiler.generate.no.warnings" value="off"/>
  <property name="compiler.args" value=""/>
  <property name="compiler.max.memory" value="700m"/>
  <patternset id="ignored.files">
    <exclude name="**/*.hprof/**"/>
    <exclude name="**/*.pyc/**"/>
    <exclude name="**/*.pyo/**"/>
    <exclude name="**/*.rbc/**"/>
    <exclude name="**/*.yarb/**"/>
    <exclude name="**/*~/**"/>
    <exclude name="**/.DS_Store/**"/>
    <exclude name="**/.git/**"/>
    <exclude name="**/.hg/**"/>
    <exclude name="**/.svn/**"/>
    <exclude name="**/CVS/**"/>
    <exclude name="**/__pycache__/**"/>
    <exclude name="**/_svn/**"/>
    <exclude name="**/vssver.scc/**"/>
    <exclude name="**/vssver2.scc/**"/>
  </patternset>
  <patternset id="library.patterns">
    <include name="*.egg"/>
    <include name="*.zip"/>
    <include name="*.war"/>
    <include name="*.swc"/>
    <include name="*.ear"/>
    <include name="*.jar"/>
    <include name="*.klib"/>
    <include name="*.ane"/>
  </patternset>
  <patternset id="compiler.resources">
    <exclude name="**/?*.java"/>
    <exclude name="**/?*.form"/>
    <exclude name="**/?*.class"/>
    <exclude name="**/?*.groovy"/>
    <exclude name="**/?*.scala"/>
    <exclude name="**/?*.flex"/>
    <exclude name="**/?*.kt"/>
    <exclude name="**/?*.clj"/>
    <exclude name="**/?*.aj"/>
  </patternset>
  
  <!-- JDK definitions -->
  
  <property name="jdk.bin.16" value="${jdk.home.16}/bin"/>
  <path id="jdk.classpath.16">
    <fileset dir="${jdk.home.16}">
      <include name="../jdk-16.0.2!/java.base"/>
      <include name="../jdk-16.0.2!/java.compiler"/>
      <include name="../jdk-16.0.2!/java.datatransfer"/>
      <include name="../jdk-16.0.2!/java.desktop"/>
      <include name="../jdk-16.0.2!/java.instrument"/>
      <include name="../jdk-16.0.2!/java.logging"/>
      <include name="../jdk-16.0.2!/java.management"/>
      <include name="../jdk-16.0.2!/java.management.rmi"/>
      <include name="../jdk-16.0.2!/java.naming"/>
      <include name="../jdk-16.0.2!/java.net.http"/>
      <include name="../jdk-16.0.2!/java.prefs"/>
      <include name="../jdk-16.0.2!/java.rmi"/>
      <include name="../jdk-16.0.2!/java.scripting"/>
      <include name="../jdk-16.0.2!/java.se"/>
      <include name="../jdk-16.0.2!/java.security.jgss"/>
      <include name="../jdk-16.0.2!/java.security.sasl"/>
      <include name="../jdk-16.0.2!/java.smartcardio"/>
      <include name="../jdk-16.0.2!/java.sql"/>
      <include name="../jdk-16.0.2!/java.sql.rowset"/>
      <include name="../jdk-16.0.2!/java.transaction.xa"/>
      <include name="../jdk-16.0.2!/java.xml"/>
      <include name="../jdk-16.0.2!/java.xml.crypto"/>
      <include name="../jdk-16.0.2!/jdk.accessibility"/>
      <include name="../jdk-16.0.2!/jdk.attach"/>
      <include name="../jdk-16.0.2!/jdk.charsets"/>
      <include name="../jdk-16.0.2!/jdk.compiler"/>
      <include name="../jdk-16.0.2!/jdk.crypto.cryptoki"/>
      <include name="../jdk-16.0.2!/jdk.crypto.ec"/>
      <include name="../jdk-16.0.2!/jdk.crypto.mscapi"/>
      <include name="../jdk-16.0.2!/jdk.dynalink"/>
      <include name="../jdk-16.0.2!/jdk.editpad"/>
      <include name="../jdk-16.0.2!/jdk.hotspot.agent"/>
      <include name="../jdk-16.0.2!/jdk.httpserver"/>
      <include name="../jdk-16.0.2!/jdk.incubator.foreign"/>
      <include name="../jdk-16.0.2!/jdk.incubator.vector"/>
      <include name="../jdk-16.0.2!/jdk.internal.ed"/>
      <include name="../jdk-16.0.2!/jdk.internal.jvmstat"/>
      <include name="../jdk-16.0.2!/jdk.internal.le"/>
      <include name="../jdk-16.0.2!/jdk.internal.opt"/>
      <include name="../jdk-16.0.2!/jdk.internal.vm.ci"/>
      <include name="../jdk-16.0.2!/jdk.jartool"/>
      <include name="../jdk-16.0.2!/jdk.javadoc"/>
      <include name="../jdk-16.0.2!/jdk.jcmd"/>
      <include name="../jdk-16.0.2!/jdk.jconsole"/>
      <include name="../jdk-16.0.2!/jdk.jdeps"/>
      <include name="../jdk-16.0.2!/jdk.jdi"/>
      <include name="../jdk-16.0.2!/jdk.jdwp.agent"/>
      <include name="../jdk-16.0.2!/jdk.jfr"/>
      <include name="../jdk-16.0.2!/jdk.jlink"/>
      <include name="../jdk-16.0.2!/jdk.jpackage"/>
      <include name="../jdk-16.0.2!/jdk.jshell"/>
      <include name="../jdk-16.0.2!/jdk.jsobject"/>
      <include name="../jdk-16.0.2!/jdk.jstatd"/>
      <include name="../jdk-16.0.2!/jdk.localedata"/>
      <include name="../jdk-16.0.2!/jdk.management"/>
      <include name="../jdk-16.0.2!/jdk.management.agent"/>
      <include name="../jdk-16.0.2!/jdk.management.jfr"/>
      <include name="../jdk-16.0.2!/jdk.naming.dns"/>
      <include name="../jdk-16.0.2!/jdk.naming.rmi"/>
      <include name="../jdk-16.0.2!/jdk.net"/>
      <include name="../jdk-16.0.2!/jdk.nio.mapmode"/>
      <include name="../jdk-16.0.2!/jdk.sctp"/>
      <include name="../jdk-16.0.2!/jdk.security.auth"/>
      <include name="../jdk-16.0.2!/jdk.security.jgss"/>
      <include name="../jdk-16.0.2!/jdk.unsupported"/>
      <include name="../jdk-16.0.2!/jdk.unsupported.desktop"/>
      <include name="../jdk-16.0.2!/jdk.xml.dom"/>
      <include name="../jdk-16.0.2!/jdk.zipfs"/>
    </fileset>
  </path>
  
  <property name="project.jdk.home" value="${jdk.home.16}"/>
  <property name="project.jdk.bin" value="${jdk.bin.16}"/>
  <property name="project.jdk.classpath" value="jdk.classpath.16"/>
  
  <!-- Modules -->
  
  
  <!-- Module test-actions-2 -->
  
  <dirname property="module.test-actions-2.basedir" file="${ant.file}"/>
  
  
  <property name="module.jdk.home.test-actions-2" value="${project.jdk.home}"/>
  <property name="module.jdk.bin.test-actions-2" value="${project.jdk.bin}"/>
  <property name="module.jdk.classpath.test-actions-2" value="${project.jdk.classpath}"/>
  
  <property name="compiler.args.test-actions-2" value="-encoding UTF-8 -source 16 -target 16 ${compiler.args}"/>
  
  <property name="test-actions-2.output.dir" value="${module.test-actions-2.basedir}/out/production/test-actions-2"/>
  <property name="test-actions-2.testoutput.dir" value="${module.test-actions-2.basedir}/out/test/test-actions-2"/>
  
  <path id="test-actions-2.module.bootclasspath">
    <!-- Paths to be included in compilation bootclasspath -->
  </path>
  
  <path id="test-actions-2.module.production.classpath">
    <path refid="${module.jdk.classpath.test-actions-2}"/>
  </path>
  
  <path id="test-actions-2.runtime.production.module.classpath">
    <pathelement location="${test-actions-2.output.dir}"/>
  </path>
  
  <path id="test-actions-2.module.classpath">
    <path refid="${module.jdk.classpath.test-actions-2}"/>
    <pathelement location="${test-actions-2.output.dir}"/>
  </path>
  
  <path id="test-actions-2.runtime.module.classpath">
    <pathelement location="${test-actions-2.testoutput.dir}"/>
    <pathelement location="${test-actions-2.output.dir}"/>
  </path>
  
  
  <patternset id="excluded.from.module.test-actions-2">
    <patternset refid="ignored.files"/>
  </patternset>
  
  <patternset id="excluded.from.compilation.test-actions-2">
    <patternset refid="excluded.from.module.test-actions-2"/>
  </patternset>
  
  <path id="test-actions-2.module.sourcepath">
    <dirset dir="${module.test-actions-2.basedir}">
      <include name="src"/>
    </dirset>
  </path>
  
  
  <target name="compile.module.test-actions-2" depends="compile.module.test-actions-2.production,compile.module.test-actions-2.tests" description="Compile module test-actions-2"/>
  
  <target name="compile.module.test-actions-2.production" description="Compile module test-actions-2; production classes">
    <mkdir dir="${test-actions-2.output.dir}"/>
    <javac destdir="${test-actions-2.output.dir}" debug="${compiler.debug}" nowarn="${compiler.generate.no.warnings}" memorymaximumsize="${compiler.max.memory}" fork="true" executable="${module.jdk.bin.test-actions-2}/javac">
      <compilerarg line="${compiler.args.test-actions-2}"/>
      <bootclasspath refid="test-actions-2.module.bootclasspath"/>
      <classpath refid="test-actions-2.module.production.classpath"/>
      <src refid="test-actions-2.module.sourcepath"/>
      <patternset refid="excluded.from.compilation.test-actions-2"/>
    </javac>
    
    <copy todir="${test-actions-2.output.dir}">
      <fileset dir="${module.test-actions-2.basedir}/src">
        <patternset refid="compiler.resources"/>
        <type type="file"/>
      </fileset>
    </copy>
  </target>
  
  <target name="compile.module.test-actions-2.tests" depends="compile.module.test-actions-2.production" description="compile module test-actions-2; test classes" unless="skip.tests"/>
  
  <target name="clean.module.test-actions-2" description="cleanup module">
    <delete dir="${test-actions-2.output.dir}"/>
    <delete dir="${test-actions-2.testoutput.dir}"/>
  </target>
  
  <target name="init" description="Build initialization">
    <!-- Perform any build initialization in this target -->
  </target>
  
  <target name="clean" depends="clean.module.test-actions-2" description="cleanup all"/>
  
  <target name="build.modules" depends="init, clean, compile.module.test-actions-2" description="build all modules"/>
  
  <target name="all" depends="build.modules" description="build all"/>
</project>